<?xml version="1.0" encoding="UTF-8"?>
<!-- Generated by org.testng.reporters.JUnitXMLReporter -->
<testsuite hostname="SRBGRZWM53" ignored="0" name="GET INSPIRED FILTERS" tests="6" failures="0" timestamp="21 Dec 2020 12:30:33 GMT" time="137.708" errors="0">
  <testcase name="login" time="7.886" classname="pyp.Login"/>
  <testcase name="durationFilter" time="23.134" classname="pyp.GetInspiredDurationFilter"/>
  <testcase name="numberOfPhotosFilter" time="24.147" classname="pyp.GetInspiredNumberOfPhotosFilter"/>
  <testcase name="moodFilter" time="32.713" classname="pyp.GetInspiredMoodFilter"/>
  <testcase name="speedsFilter" time="44.629" classname="pyp.GetInspiredSpeedsFilter"/>
  <testcase name="RandomFilters" time="5.183" classname="pyp.GetInspiredRandomAllFilters"/>
</testsuite> <!-- GET INSPIRED FILTERS -->
